# JRE version: OpenJDK Runtime Environment (17.0.4.1) (build 17.0.4.1+0-b2043.56-9127311)
# Java VM: OpenJDK 64-Bit Server VM (17.0.4.1+0-b2043.56-9127311, mixed mode, tiered, compressed oops, compressed class ptrs, g1 gc, windows-amd64)
GC Precious Log:
 CPUs: 4 total, 4 available
 Memory: 16337M
 Large Page Support: Disabled
 NUMA Support: Disabled
 Compressed Oops: Enabled (32-bit)
 Heap Region Size: 1M
 Heap Min Capacity: 8M
 Heap Initial Capacity: 256M
 Heap Max Capacity: 2G
 Pre-touch: Disabled
 Parallel Workers: 4
 Concurrent Workers: 1
 Concurrent Refinement Workers: 4
 Periodic GC: Disabled
Heap:
 garbage-first heap   total 375808K, used 175702K [0x0000000080000000, 0x0000000100000000)
  region size 1024K, 2 young (2048K), 2 survivors (2048K)
 Metaspace       used 137294K, committed 138688K, reserved 1179648K
  class space    used 18012K, committed 18752K, reserved 1048576K
GC Heap History (20 events):
Event: 1555.190 GC heap after
{Heap after GC invocations=76 (full 0):
 garbage-first heap   total 375808K, used 158225K [0x0000000080000000, 0x0000000100000000)
  region size 1024K, 3 young (3072K), 3 survivors (3072K)
 Metaspace       used 126191K, committed 127360K, reserved 1163264K
  class space    used 16904K, committed 17472K, reserved 1048576K
}
Event: 1560.258 GC heap before
{Heap before GC invocations=76 (full 0):
 garbage-first heap   total 375808K, used 305681K [0x0000000080000000, 0x0000000100000000)
  region size 1024K, 149 young (152576K), 3 survivors (3072K)
 Metaspace       used 126293K, committed 127488K, reserved 1163264K
  class space    used 16904K, committed 17472K, reserved 1048576K
}
Event: 1560.272 GC heap after
{Heap after GC invocations=77 (full 0):
 garbage-first heap   total 375808K, used 165845K [0x0000000080000000, 0x0000000100000000)
  region size 1024K, 10 young (10240K), 10 survivors (10240K)
 Metaspace       used 126293K, committed 127488K, reserved 1163264K
  class space    used 16904K, committed 17472K, reserved 1048576K
}
Event: 1813.414 GC heap before
{Heap before GC invocations=78 (full 0):
 garbage-first heap   total 375808K, used 339925K [0x0000000080000000, 0x0000000100000000)
  region size 1024K, 153 young (156672K), 10 survivors (10240K)
 Metaspace       used 126832K, committed 128128K, reserved 1163264K
  class space    used 16918K, committed 17536K, reserved 1048576K
}
Event: 1813.431 GC heap after
{Heap after GC invocations=79 (full 0):
 garbage-first heap   total 375808K, used 170701K [0x0000000080000000, 0x0000000100000000)
  region size 1024K, 17 young (17408K), 17 survivors (17408K)
 Metaspace       used 126832K, committed 128128K, reserved 1163264K
  class space    used 16918K, committed 17536K, reserved 1048576K
}
Event: 1813.438 GC heap before
{Heap before GC invocations=79 (full 0):
 garbage-first heap   total 375808K, used 171725K [0x0000000080000000, 0x0000000100000000)
  region size 1024K, 18 young (18432K), 17 survivors (17408K)
 Metaspace       used 126832K, committed 128128K, reserved 1163264K
  class space    used 16918K, committed 17536K, reserved 1048576K
}
Event: 1813.453 GC heap after
{Heap after GC invocations=80 (full 0):
 garbage-first heap   total 375808K, used 159783K [0x0000000080000000, 0x0000000100000000)
  region size 1024K, 2 young (2048K), 2 survivors (2048K)
 Metaspace       used 126832K, committed 128128K, reserved 1163264K
  class space    used 16918K, committed 17536K, reserved 1048576K
}
Event: 1816.611 GC heap before
{Heap before GC invocations=80 (full 0):
 garbage-first heap   total 375808K, used 228391K [0x0000000080000000, 0x0000000100000000)
  region size 1024K, 71 young (72704K), 2 survivors (2048K)
 Metaspace       used 126880K, committed 128128K, reserved 1163264K
  class space    used 16921K, committed 17536K, reserved 1048576K
}
Event: 1816.617 GC heap after
{Heap after GC invocations=81 (full 0):
 garbage-first heap   total 375808K, used 162714K [0x0000000080000000, 0x0000000100000000)
  region size 1024K, 5 young (5120K), 5 survivors (5120K)
 Metaspace       used 126880K, committed 128128K, reserved 1163264K
  class space    used 16921K, committed 17536K, reserved 1048576K
}
Event: 1818.862 GC heap before
{Heap before GC invocations=82 (full 0):
 garbage-first heap   total 375808K, used 309619K [0x0000000080000000, 0x0000000100000000)
  region size 1024K, 134 young (137216K), 5 survivors (5120K)
 Metaspace       used 141539K, committed 142784K, reserved 1179648K
  class space    used 18534K, committed 19136K, reserved 1048576K
}
Event: 1818.871 GC heap after
{Heap after GC invocations=83 (full 0):
 garbage-first heap   total 375808K, used 173774K [0x0000000080000000, 0x0000000100000000)
  region size 1024K, 10 young (10240K), 10 survivors (10240K)
 Metaspace       used 141539K, committed 142784K, reserved 1179648K
  class space    used 18534K, committed 19136K, reserved 1048576K
}
Event: 1818.989 GC heap before
{Heap before GC invocations=83 (full 0):
 garbage-first heap   total 375808K, used 180942K [0x0000000080000000, 0x0000000100000000)
  region size 1024K, 18 young (18432K), 10 survivors (10240K)
 Metaspace       used 141539K, committed 142784K, reserved 1179648K
  class space    used 18534K, committed 19136K, reserved 1048576K
}
Event: 1819.000 GC heap after
{Heap after GC invocations=84 (full 0):
 garbage-first heap   total 375808K, used 158435K [0x0000000080000000, 0x0000000100000000)
  region size 1024K, 2 young (2048K), 2 survivors (2048K)
 Metaspace       used 141539K, committed 142784K, reserved 1179648K
  class space    used 18534K, committed 19136K, reserved 1048576K
}
Event: 1822.478 GC heap before
{Heap before GC invocations=84 (full 0):
 garbage-first heap   total 375808K, used 233187K [0x0000000080000000, 0x0000000100000000)
  region size 1024K, 77 young (78848K), 2 survivors (2048K)
 Metaspace       used 141574K, committed 142784K, reserved 1179648K
  class space    used 18534K, committed 19136K, reserved 1048576K
}
Event: 1822.483 GC heap after
{Heap after GC invocations=85 (full 0):
 garbage-first heap   total 375808K, used 161675K [0x0000000080000000, 0x0000000100000000)
  region size 1024K, 5 young (5120K), 5 survivors (5120K)
 Metaspace       used 141574K, committed 142784K, reserved 1179648K
  class space    used 18534K, committed 19136K, reserved 1048576K
}
Event: 1824.864 GC heap before
{Heap before GC invocations=86 (full 0):
 garbage-first heap   total 375808K, used 302987K [0x0000000080000000, 0x0000000100000000)
  region size 1024K, 142 young (145408K), 5 survivors (5120K)
 Metaspace       used 136901K, committed 138240K, reserved 1179648K
  class space    used 17999K, committed 18752K, reserved 1048576K
}
Event: 1824.879 GC heap after
{Heap after GC invocations=87 (full 0):
 garbage-first heap   total 375808K, used 177378K [0x0000000080000000, 0x0000000100000000)
  region size 1024K, 18 young (18432K), 18 survivors (18432K)
 Metaspace       used 136901K, committed 138240K, reserved 1179648K
  class space    used 17999K, committed 18752K, reserved 1048576K
}
Event: 1824.883 GC heap before
{Heap before GC invocations=87 (full 0):
 garbage-first heap   total 375808K, used 178402K [0x0000000080000000, 0x0000000100000000)
  region size 1024K, 19 young (19456K), 18 survivors (18432K)
 Metaspace       used 136901K, committed 138240K, reserved 1179648K
  class space    used 17999K, committed 18752K, reserved 1048576K
}
Event: 1824.898 GC heap after
{Heap after GC invocations=88 (full 0):
 garbage-first heap   total 375808K, used 175892K [0x0000000080000000, 0x0000000100000000)
  region size 1024K, 2 young (2048K), 2 survivors (2048K)
 Metaspace       used 136901K, committed 138240K, reserved 1179648K
  class space    used 17999K, committed 18752K, reserved 1048576K
}
Event: 1825.657 GC heap before
{Heap before GC invocations=88 (full 0):
 garbage-first heap   total 375808K, used 303892K [0x0000000080000000, 0x0000000100000000)
  region size 1024K, 127 young (130048K), 2 survivors (2048K)
 Metaspace       used 137294K, committed 138688K, reserved 1179648K
  class space    used 18012K, committed 18752K, reserved 1048576K
}

